Build started 2/9/2014 1:20:48 PM.
     1>Project "E:\Academic\Code\C++Playground\FBXExporter\FBXExporter\FBXExporter.vcxproj" on node 2 (Build target(s)).
     1>ClCompile:
         C:\Program Files (x86)\Microsoft Visual Studio 10.0\VC\bin\CL.exe /c /I.\FBXSDK\include /ZI /nologo /W3 /WX- /Od /Oy- /D WIN32 /D _DEBUG /D _CONSOLE /D _LIB /D _UNICODE /D UNICODE /Gm /EHsc /RTC1 /MDd /GS /fp:precise /Zc:wchar_t /Zc:forScope /Fo"Debug\\" /Fd"Debug\vc100.pdb" /Gd /TP /analyze- /errorReport:prompt FBXExporter.cpp Utilities.cpp main.cpp
         main.cpp
     1>e:\academic\code\c++playground\fbxexporter\fbxexporter\vertex.h(55): error C3867: 'PNTIWVertex::CompareBlendingInfos': function call missing argument list; use '&PNTIWVertex::CompareBlendingInfos' to create a pointer to member
     1>e:\academic\code\c++playground\fbxexporter\fbxexporter\vertex.h(55): error C2780: 'void std::sort(_RanIt,_RanIt)' : expects 2 arguments - 3 provided
                 c:\program files (x86)\microsoft visual studio 10.0\vc\include\algorithm(3639) : see declaration of 'std::sort'
     1>e:\academic\code\c++playground\fbxexporter\fbxexporter\vertex.h(74): error C2653: 'Utilities' : is not a class or namespace name
     1>e:\academic\code\c++playground\fbxexporter\fbxexporter\vertex.h(75): error C2653: 'Utilities' : is not a class or namespace name
     1>e:\academic\code\c++playground\fbxexporter\fbxexporter\vertex.h(76): error C2653: 'Utilities' : is not a class or namespace name
     1>e:\academic\code\c++playground\fbxexporter\fbxexporter\vertex.h(74): error C3861: 'CompareVector3WithEpsilon': identifier not found
     1>e:\academic\code\c++playground\fbxexporter\fbxexporter\vertex.h(75): error C3861: 'CompareVector3WithEpsilon': identifier not found
     1>e:\academic\code\c++playground\fbxexporter\fbxexporter\vertex.h(76): error C3861: 'CompareVector2WithEpsilon': identifier not found
         Utilities.cpp
     1>e:\academic\code\c++playground\fbxexporter\fbxexporter\vertex.h(55): error C3867: 'PNTIWVertex::CompareBlendingInfos': function call missing argument list; use '&PNTIWVertex::CompareBlendingInfos' to create a pointer to member
     1>e:\academic\code\c++playground\fbxexporter\fbxexporter\vertex.h(55): error C2780: 'void std::sort(_RanIt,_RanIt)' : expects 2 arguments - 3 provided
                 c:\program files (x86)\microsoft visual studio 10.0\vc\include\algorithm(3639) : see declaration of 'std::sort'
     1>e:\academic\code\c++playground\fbxexporter\fbxexporter\vertex.h(74): error C2653: 'Utilities' : is not a class or namespace name
     1>e:\academic\code\c++playground\fbxexporter\fbxexporter\vertex.h(75): error C2653: 'Utilities' : is not a class or namespace name
     1>e:\academic\code\c++playground\fbxexporter\fbxexporter\vertex.h(76): error C2653: 'Utilities' : is not a class or namespace name
     1>e:\academic\code\c++playground\fbxexporter\fbxexporter\vertex.h(74): error C3861: 'CompareVector3WithEpsilon': identifier not found
     1>e:\academic\code\c++playground\fbxexporter\fbxexporter\vertex.h(75): error C3861: 'CompareVector3WithEpsilon': identifier not found
     1>e:\academic\code\c++playground\fbxexporter\fbxexporter\vertex.h(76): error C3861: 'CompareVector2WithEpsilon': identifier not found
         FBXExporter.cpp
     1>e:\academic\code\c++playground\fbxexporter\fbxexporter\vertex.h(55): error C3867: 'PNTIWVertex::CompareBlendingInfos': function call missing argument list; use '&PNTIWVertex::CompareBlendingInfos' to create a pointer to member
     1>e:\academic\code\c++playground\fbxexporter\fbxexporter\vertex.h(55): error C2780: 'void std::sort(_RanIt,_RanIt)' : expects 2 arguments - 3 provided
                 c:\program files (x86)\microsoft visual studio 10.0\vc\include\algorithm(3639) : see declaration of 'std::sort'
     1>e:\academic\code\c++playground\fbxexporter\fbxexporter\vertex.h(74): error C2653: 'Utilities' : is not a class or namespace name
     1>e:\academic\code\c++playground\fbxexporter\fbxexporter\vertex.h(75): error C2653: 'Utilities' : is not a class or namespace name
     1>e:\academic\code\c++playground\fbxexporter\fbxexporter\vertex.h(76): error C2653: 'Utilities' : is not a class or namespace name
     1>e:\academic\code\c++playground\fbxexporter\fbxexporter\vertex.h(74): error C3861: 'CompareVector3WithEpsilon': identifier not found
     1>e:\academic\code\c++playground\fbxexporter\fbxexporter\vertex.h(75): error C3861: 'CompareVector3WithEpsilon': identifier not found
     1>e:\academic\code\c++playground\fbxexporter\fbxexporter\vertex.h(76): error C3861: 'CompareVector2WithEpsilon': identifier not found
     1>e:\academic\code\c++playground\fbxexporter\fbxexporter\fbxexporter.cpp(244): warning C4018: '<' : signed/unsigned mismatch
     1>e:\academic\code\c++playground\fbxexporter\fbxexporter\fbxexporter.cpp(768): error C2228: left of '.mPosition' must have class/struct/union
                 type is 'PNTIWVertex *'
                 did you intend to use '->' instead?
     1>e:\academic\code\c++playground\fbxexporter\fbxexporter\fbxexporter.cpp(768): error C2228: left of '.x' must have class/struct/union
     1>e:\academic\code\c++playground\fbxexporter\fbxexporter\fbxexporter.cpp(768): error C2228: left of '.mPosition' must have class/struct/union
                 type is 'PNTIWVertex *'
                 did you intend to use '->' instead?
     1>e:\academic\code\c++playground\fbxexporter\fbxexporter\fbxexporter.cpp(768): error C2228: left of '.y' must have class/struct/union
     1>e:\academic\code\c++playground\fbxexporter\fbxexporter\fbxexporter.cpp(768): error C2228: left of '.mPosition' must have class/struct/union
                 type is 'PNTIWVertex *'
                 did you intend to use '->' instead?
     1>e:\academic\code\c++playground\fbxexporter\fbxexporter\fbxexporter.cpp(768): error C2228: left of '.z' must have class/struct/union
     1>e:\academic\code\c++playground\fbxexporter\fbxexporter\fbxexporter.cpp(769): error C2228: left of '.mNormal' must have class/struct/union
                 type is 'PNTIWVertex *'
                 did you intend to use '->' instead?
     1>e:\academic\code\c++playground\fbxexporter\fbxexporter\fbxexporter.cpp(769): error C2228: left of '.x' must have class/struct/union
     1>e:\academic\code\c++playground\fbxexporter\fbxexporter\fbxexporter.cpp(769): error C2228: left of '.mNormal' must have class/struct/union
                 type is 'PNTIWVertex *'
                 did you intend to use '->' instead?
     1>e:\academic\code\c++playground\fbxexporter\fbxexporter\fbxexporter.cpp(769): error C2228: left of '.y' must have class/struct/union
     1>e:\academic\code\c++playground\fbxexporter\fbxexporter\fbxexporter.cpp(769): error C2228: left of '.mNormal' must have class/struct/union
                 type is 'PNTIWVertex *'
                 did you intend to use '->' instead?
     1>e:\academic\code\c++playground\fbxexporter\fbxexporter\fbxexporter.cpp(769): error C2228: left of '.z' must have class/struct/union
     1>e:\academic\code\c++playground\fbxexporter\fbxexporter\fbxexporter.cpp(770): error C2228: left of '.mVertexBlendingInfos' must have class/struct/union
                 type is 'PNTIWVertex *'
                 did you intend to use '->' instead?
     1>e:\academic\code\c++playground\fbxexporter\fbxexporter\fbxexporter.cpp(770): error C2228: left of '.mBlendingWeight' must have class/struct/union
     1>e:\academic\code\c++playground\fbxexporter\fbxexporter\fbxexporter.cpp(770): error C2228: left of '.mVertexBlendingInfos' must have class/struct/union
                 type is 'PNTIWVertex *'
                 did you intend to use '->' instead?
     1>e:\academic\code\c++playground\fbxexporter\fbxexporter\fbxexporter.cpp(770): error C2228: left of '.mBlendingWeight' must have class/struct/union
     1>e:\academic\code\c++playground\fbxexporter\fbxexporter\fbxexporter.cpp(770): error C2228: left of '.mVertexBlendingInfos' must have class/struct/union
                 type is 'PNTIWVertex *'
                 did you intend to use '->' instead?
     1>e:\academic\code\c++playground\fbxexporter\fbxexporter\fbxexporter.cpp(770): error C2228: left of '.mBlendingWeight' must have class/struct/union
     1>e:\academic\code\c++playground\fbxexporter\fbxexporter\fbxexporter.cpp(770): error C2228: left of '.mVertexBlendingInfos' must have class/struct/union
                 type is 'PNTIWVertex *'
                 did you intend to use '->' instead?
     1>e:\academic\code\c++playground\fbxexporter\fbxexporter\fbxexporter.cpp(770): error C2228: left of '.mBlendingWeight' must have class/struct/union
     1>e:\academic\code\c++playground\fbxexporter\fbxexporter\fbxexporter.cpp(771): error C2228: left of '.mVertexBlendingInfos' must have class/struct/union
                 type is 'PNTIWVertex *'
                 did you intend to use '->' instead?
     1>e:\academic\code\c++playground\fbxexporter\fbxexporter\fbxexporter.cpp(771): error C2228: left of '.mBlendingIndex' must have class/struct/union
     1>e:\academic\code\c++playground\fbxexporter\fbxexporter\fbxexporter.cpp(771): error C2228: left of '.mVertexBlendingInfos' must have class/struct/union
                 type is 'PNTIWVertex *'
                 did you intend to use '->' instead?
     1>e:\academic\code\c++playground\fbxexporter\fbxexporter\fbxexporter.cpp(771): error C2228: left of '.mBlendingIndex' must have class/struct/union
     1>e:\academic\code\c++playground\fbxexporter\fbxexporter\fbxexporter.cpp(771): error C2228: left of '.mVertexBlendingInfos' must have class/struct/union
                 type is 'PNTIWVertex *'
                 did you intend to use '->' instead?
     1>e:\academic\code\c++playground\fbxexporter\fbxexporter\fbxexporter.cpp(771): error C2228: left of '.mBlendingIndex' must have class/struct/union
     1>e:\academic\code\c++playground\fbxexporter\fbxexporter\fbxexporter.cpp(771): error C2228: left of '.mVertexBlendingInfos' must have class/struct/union
                 type is 'PNTIWVertex *'
                 did you intend to use '->' instead?
     1>e:\academic\code\c++playground\fbxexporter\fbxexporter\fbxexporter.cpp(771): error C2228: left of '.mBlendingIndex' must have class/struct/union
     1>e:\academic\code\c++playground\fbxexporter\fbxexporter\fbxexporter.cpp(772): error C2228: left of '.mUV' must have class/struct/union
                 type is 'PNTIWVertex *'
                 did you intend to use '->' instead?
     1>e:\academic\code\c++playground\fbxexporter\fbxexporter\fbxexporter.cpp(772): error C2228: left of '.x' must have class/struct/union
     1>e:\academic\code\c++playground\fbxexporter\fbxexporter\fbxexporter.cpp(772): error C2228: left of '.mUV' must have class/struct/union
                 type is 'PNTIWVertex *'
                 did you intend to use '->' instead?
     1>e:\academic\code\c++playground\fbxexporter\fbxexporter\fbxexporter.cpp(772): error C2228: left of '.y' must have class/struct/union
         Generating Code...
     1>Done Building Project "E:\Academic\Code\C++Playground\FBXExporter\FBXExporter\FBXExporter.vcxproj" (Build target(s)) -- FAILED.

Build FAILED.

Time Elapsed 00:00:06.34
