h:\academic\c++\fbxexporter\fbxexporter\debug\vc100.pdb
h:\academic\c++\fbxexporter\fbxexporter\debug\fbxexporter.obj
h:\academic\c++\fbxexporter\fbxexporter\debug\main.obj
h:\academic\c++\fbxexporter\fbxexporter\debug\fbxexporter.exe.embed.manifest
h:\academic\c++\fbxexporter\fbxexporter\debug\fbxexporter.exe.embed.manifest.res
h:\academic\c++\fbxexporter\fbxexporter\debug\cl.command.1.tlog
h:\academic\c++\fbxexporter\fbxexporter\debug\cl.read.1.tlog
h:\academic\c++\fbxexporter\fbxexporter\debug\cl.write.1.tlog
h:\academic\c++\fbxexporter\fbxexporter\debug\link-cvtres.read.1.tlog
h:\academic\c++\fbxexporter\fbxexporter\debug\link-cvtres.write.1.tlog
h:\academic\c++\fbxexporter\fbxexporter\debug\link.11096-cvtres.read.1.tlog
h:\academic\c++\fbxexporter\fbxexporter\debug\link.11096-cvtres.write.1.tlog
h:\academic\c++\fbxexporter\fbxexporter\debug\link.11096.read.1.tlog
h:\academic\c++\fbxexporter\fbxexporter\debug\link.11096.write.1.tlog
h:\academic\c++\fbxexporter\fbxexporter\debug\link.11144-cvtres.read.1.tlog
h:\academic\c++\fbxexporter\fbxexporter\debug\link.11144-cvtres.write.1.tlog
h:\academic\c++\fbxexporter\fbxexporter\debug\link.11144.read.1.tlog
h:\academic\c++\fbxexporter\fbxexporter\debug\link.11144.write.1.tlog
h:\academic\c++\fbxexporter\fbxexporter\debug\link.11708-cvtres.read.1.tlog
h:\academic\c++\fbxexporter\fbxexporter\debug\link.11708-cvtres.write.1.tlog
h:\academic\c++\fbxexporter\fbxexporter\debug\link.11708.read.1.tlog
h:\academic\c++\fbxexporter\fbxexporter\debug\link.11708.write.1.tlog
h:\academic\c++\fbxexporter\fbxexporter\debug\link.12600-cvtres.read.1.tlog
h:\academic\c++\fbxexporter\fbxexporter\debug\link.12600-cvtres.write.1.tlog
h:\academic\c++\fbxexporter\fbxexporter\debug\link.12600.read.1.tlog
h:\academic\c++\fbxexporter\fbxexporter\debug\link.12600.write.1.tlog
h:\academic\c++\fbxexporter\fbxexporter\debug\link.12984-cvtres.read.1.tlog
h:\academic\c++\fbxexporter\fbxexporter\debug\link.12984-cvtres.write.1.tlog
h:\academic\c++\fbxexporter\fbxexporter\debug\link.12984.read.1.tlog
h:\academic\c++\fbxexporter\fbxexporter\debug\link.12984.write.1.tlog
h:\academic\c++\fbxexporter\fbxexporter\debug\link.13204-cvtres.read.1.tlog
h:\academic\c++\fbxexporter\fbxexporter\debug\link.13204-cvtres.write.1.tlog
h:\academic\c++\fbxexporter\fbxexporter\debug\link.13204.read.1.tlog
h:\academic\c++\fbxexporter\fbxexporter\debug\link.13204.write.1.tlog
h:\academic\c++\fbxexporter\fbxexporter\debug\link.13388-cvtres.read.1.tlog
h:\academic\c++\fbxexporter\fbxexporter\debug\link.13388-cvtres.write.1.tlog
h:\academic\c++\fbxexporter\fbxexporter\debug\link.13388.read.1.tlog
h:\academic\c++\fbxexporter\fbxexporter\debug\link.13388.write.1.tlog
h:\academic\c++\fbxexporter\fbxexporter\debug\link.13568-cvtres.read.1.tlog
h:\academic\c++\fbxexporter\fbxexporter\debug\link.13568-cvtres.write.1.tlog
h:\academic\c++\fbxexporter\fbxexporter\debug\link.13568.read.1.tlog
h:\academic\c++\fbxexporter\fbxexporter\debug\link.13568.write.1.tlog
h:\academic\c++\fbxexporter\fbxexporter\debug\link.13580-cvtres.read.1.tlog
h:\academic\c++\fbxexporter\fbxexporter\debug\link.13580-cvtres.write.1.tlog
h:\academic\c++\fbxexporter\fbxexporter\debug\link.13580.read.1.tlog
h:\academic\c++\fbxexporter\fbxexporter\debug\link.13580.write.1.tlog
h:\academic\c++\fbxexporter\fbxexporter\debug\link.14068-cvtres.read.1.tlog
h:\academic\c++\fbxexporter\fbxexporter\debug\link.14068-cvtres.write.1.tlog
h:\academic\c++\fbxexporter\fbxexporter\debug\link.14068.read.1.tlog
h:\academic\c++\fbxexporter\fbxexporter\debug\link.14068.write.1.tlog
h:\academic\c++\fbxexporter\fbxexporter\debug\link.14384-cvtres.read.1.tlog
h:\academic\c++\fbxexporter\fbxexporter\debug\link.14384-cvtres.write.1.tlog
h:\academic\c++\fbxexporter\fbxexporter\debug\link.14384.read.1.tlog
h:\academic\c++\fbxexporter\fbxexporter\debug\link.14384.write.1.tlog
h:\academic\c++\fbxexporter\fbxexporter\debug\link.17252-cvtres.read.1.tlog
h:\academic\c++\fbxexporter\fbxexporter\debug\link.17252-cvtres.write.1.tlog
h:\academic\c++\fbxexporter\fbxexporter\debug\link.17252.read.1.tlog
h:\academic\c++\fbxexporter\fbxexporter\debug\link.17252.write.1.tlog
h:\academic\c++\fbxexporter\fbxexporter\debug\link.17300-cvtres.read.1.tlog
h:\academic\c++\fbxexporter\fbxexporter\debug\link.17300-cvtres.write.1.tlog
h:\academic\c++\fbxexporter\fbxexporter\debug\link.17300.read.1.tlog
h:\academic\c++\fbxexporter\fbxexporter\debug\link.17300.write.1.tlog
h:\academic\c++\fbxexporter\fbxexporter\debug\link.17700-cvtres.read.1.tlog
h:\academic\c++\fbxexporter\fbxexporter\debug\link.17700-cvtres.write.1.tlog
h:\academic\c++\fbxexporter\fbxexporter\debug\link.17700.read.1.tlog
h:\academic\c++\fbxexporter\fbxexporter\debug\link.17700.write.1.tlog
h:\academic\c++\fbxexporter\fbxexporter\debug\link.19292-cvtres.read.1.tlog
h:\academic\c++\fbxexporter\fbxexporter\debug\link.19292-cvtres.write.1.tlog
h:\academic\c++\fbxexporter\fbxexporter\debug\link.19292.read.1.tlog
h:\academic\c++\fbxexporter\fbxexporter\debug\link.19292.write.1.tlog
h:\academic\c++\fbxexporter\fbxexporter\debug\link.19432-cvtres.read.1.tlog
h:\academic\c++\fbxexporter\fbxexporter\debug\link.19432-cvtres.write.1.tlog
h:\academic\c++\fbxexporter\fbxexporter\debug\link.19432.read.1.tlog
h:\academic\c++\fbxexporter\fbxexporter\debug\link.19432.write.1.tlog
h:\academic\c++\fbxexporter\fbxexporter\debug\link.20376-cvtres.read.1.tlog
h:\academic\c++\fbxexporter\fbxexporter\debug\link.20376-cvtres.write.1.tlog
h:\academic\c++\fbxexporter\fbxexporter\debug\link.20376.read.1.tlog
h:\academic\c++\fbxexporter\fbxexporter\debug\link.20376.write.1.tlog
h:\academic\c++\fbxexporter\fbxexporter\debug\link.20552-cvtres.read.1.tlog
h:\academic\c++\fbxexporter\fbxexporter\debug\link.20552-cvtres.write.1.tlog
h:\academic\c++\fbxexporter\fbxexporter\debug\link.20552.read.1.tlog
h:\academic\c++\fbxexporter\fbxexporter\debug\link.20552.write.1.tlog
h:\academic\c++\fbxexporter\fbxexporter\debug\link.21140-cvtres.read.1.tlog
h:\academic\c++\fbxexporter\fbxexporter\debug\link.21140-cvtres.write.1.tlog
h:\academic\c++\fbxexporter\fbxexporter\debug\link.21140.read.1.tlog
h:\academic\c++\fbxexporter\fbxexporter\debug\link.21140.write.1.tlog
h:\academic\c++\fbxexporter\fbxexporter\debug\link.21888-cvtres.read.1.tlog
h:\academic\c++\fbxexporter\fbxexporter\debug\link.21888-cvtres.write.1.tlog
h:\academic\c++\fbxexporter\fbxexporter\debug\link.21888.read.1.tlog
h:\academic\c++\fbxexporter\fbxexporter\debug\link.21888.write.1.tlog
h:\academic\c++\fbxexporter\fbxexporter\debug\link.22040-cvtres.read.1.tlog
h:\academic\c++\fbxexporter\fbxexporter\debug\link.22040-cvtres.write.1.tlog
h:\academic\c++\fbxexporter\fbxexporter\debug\link.22040.read.1.tlog
h:\academic\c++\fbxexporter\fbxexporter\debug\link.22040.write.1.tlog
h:\academic\c++\fbxexporter\fbxexporter\debug\link.22408-cvtres.read.1.tlog
h:\academic\c++\fbxexporter\fbxexporter\debug\link.22408-cvtres.write.1.tlog
h:\academic\c++\fbxexporter\fbxexporter\debug\link.22408.read.1.tlog
h:\academic\c++\fbxexporter\fbxexporter\debug\link.22408.write.1.tlog
h:\academic\c++\fbxexporter\fbxexporter\debug\link.22536-cvtres.read.1.tlog
h:\academic\c++\fbxexporter\fbxexporter\debug\link.22536-cvtres.write.1.tlog
h:\academic\c++\fbxexporter\fbxexporter\debug\link.22536.read.1.tlog
h:\academic\c++\fbxexporter\fbxexporter\debug\link.22536.write.1.tlog
h:\academic\c++\fbxexporter\fbxexporter\debug\link.22640-cvtres.read.1.tlog
h:\academic\c++\fbxexporter\fbxexporter\debug\link.22640-cvtres.write.1.tlog
h:\academic\c++\fbxexporter\fbxexporter\debug\link.22640.read.1.tlog
h:\academic\c++\fbxexporter\fbxexporter\debug\link.22640.write.1.tlog
h:\academic\c++\fbxexporter\fbxexporter\debug\link.22844-cvtres.read.1.tlog
h:\academic\c++\fbxexporter\fbxexporter\debug\link.22844-cvtres.write.1.tlog
h:\academic\c++\fbxexporter\fbxexporter\debug\link.22844.read.1.tlog
h:\academic\c++\fbxexporter\fbxexporter\debug\link.22844.write.1.tlog
h:\academic\c++\fbxexporter\fbxexporter\debug\link.23008-cvtres.read.1.tlog
h:\academic\c++\fbxexporter\fbxexporter\debug\link.23008-cvtres.write.1.tlog
h:\academic\c++\fbxexporter\fbxexporter\debug\link.23008.read.1.tlog
h:\academic\c++\fbxexporter\fbxexporter\debug\link.23008.write.1.tlog
h:\academic\c++\fbxexporter\fbxexporter\debug\link.24196-cvtres.read.1.tlog
h:\academic\c++\fbxexporter\fbxexporter\debug\link.24196-cvtres.write.1.tlog
h:\academic\c++\fbxexporter\fbxexporter\debug\link.24196.read.1.tlog
h:\academic\c++\fbxexporter\fbxexporter\debug\link.24196.write.1.tlog
h:\academic\c++\fbxexporter\fbxexporter\debug\link.25288-cvtres.read.1.tlog
h:\academic\c++\fbxexporter\fbxexporter\debug\link.25288-cvtres.write.1.tlog
h:\academic\c++\fbxexporter\fbxexporter\debug\link.25288.read.1.tlog
h:\academic\c++\fbxexporter\fbxexporter\debug\link.25288.write.1.tlog
h:\academic\c++\fbxexporter\fbxexporter\debug\link.25804-cvtres.read.1.tlog
h:\academic\c++\fbxexporter\fbxexporter\debug\link.25804-cvtres.write.1.tlog
h:\academic\c++\fbxexporter\fbxexporter\debug\link.25804.read.1.tlog
h:\academic\c++\fbxexporter\fbxexporter\debug\link.25804.write.1.tlog
h:\academic\c++\fbxexporter\fbxexporter\debug\link.26516-cvtres.read.1.tlog
h:\academic\c++\fbxexporter\fbxexporter\debug\link.26516-cvtres.write.1.tlog
h:\academic\c++\fbxexporter\fbxexporter\debug\link.26516.read.1.tlog
h:\academic\c++\fbxexporter\fbxexporter\debug\link.26516.write.1.tlog
h:\academic\c++\fbxexporter\fbxexporter\debug\link.27264-cvtres.read.1.tlog
h:\academic\c++\fbxexporter\fbxexporter\debug\link.27264-cvtres.write.1.tlog
h:\academic\c++\fbxexporter\fbxexporter\debug\link.27264.read.1.tlog
h:\academic\c++\fbxexporter\fbxexporter\debug\link.27264.write.1.tlog
h:\academic\c++\fbxexporter\fbxexporter\debug\link.27820-cvtres.read.1.tlog
h:\academic\c++\fbxexporter\fbxexporter\debug\link.27820-cvtres.write.1.tlog
h:\academic\c++\fbxexporter\fbxexporter\debug\link.27820.read.1.tlog
h:\academic\c++\fbxexporter\fbxexporter\debug\link.27820.write.1.tlog
h:\academic\c++\fbxexporter\fbxexporter\debug\link.29036-cvtres.read.1.tlog
h:\academic\c++\fbxexporter\fbxexporter\debug\link.29036-cvtres.write.1.tlog
h:\academic\c++\fbxexporter\fbxexporter\debug\link.29036.read.1.tlog
h:\academic\c++\fbxexporter\fbxexporter\debug\link.29036.write.1.tlog
h:\academic\c++\fbxexporter\fbxexporter\debug\link.41308-cvtres.read.1.tlog
h:\academic\c++\fbxexporter\fbxexporter\debug\link.41308-cvtres.write.1.tlog
h:\academic\c++\fbxexporter\fbxexporter\debug\link.41308.read.1.tlog
h:\academic\c++\fbxexporter\fbxexporter\debug\link.41308.write.1.tlog
h:\academic\c++\fbxexporter\fbxexporter\debug\link.42284-cvtres.read.1.tlog
h:\academic\c++\fbxexporter\fbxexporter\debug\link.42284-cvtres.write.1.tlog
h:\academic\c++\fbxexporter\fbxexporter\debug\link.42284.read.1.tlog
h:\academic\c++\fbxexporter\fbxexporter\debug\link.42284.write.1.tlog
h:\academic\c++\fbxexporter\fbxexporter\debug\link.7444.read.1.tlog
h:\academic\c++\fbxexporter\fbxexporter\debug\link.7444.write.1.tlog
h:\academic\c++\fbxexporter\fbxexporter\debug\link.7916-cvtres.read.1.tlog
h:\academic\c++\fbxexporter\fbxexporter\debug\link.7916-cvtres.write.1.tlog
h:\academic\c++\fbxexporter\fbxexporter\debug\link.7916.read.1.tlog
h:\academic\c++\fbxexporter\fbxexporter\debug\link.7916.write.1.tlog
h:\academic\c++\fbxexporter\fbxexporter\debug\link.8884-cvtres.read.1.tlog
h:\academic\c++\fbxexporter\fbxexporter\debug\link.8884-cvtres.write.1.tlog
h:\academic\c++\fbxexporter\fbxexporter\debug\link.8884.read.1.tlog
h:\academic\c++\fbxexporter\fbxexporter\debug\link.8884.write.1.tlog
h:\academic\c++\fbxexporter\fbxexporter\debug\link.9064-cvtres.read.1.tlog
h:\academic\c++\fbxexporter\fbxexporter\debug\link.9064-cvtres.write.1.tlog
h:\academic\c++\fbxexporter\fbxexporter\debug\link.9064.read.1.tlog
h:\academic\c++\fbxexporter\fbxexporter\debug\link.9064.write.1.tlog
h:\academic\c++\fbxexporter\fbxexporter\debug\link.command.1.tlog
h:\academic\c++\fbxexporter\fbxexporter\debug\link.read.1.tlog
h:\academic\c++\fbxexporter\fbxexporter\debug\link.write.1.tlog
h:\academic\c++\fbxexporter\fbxexporter\debug\mt.command.1.tlog
h:\academic\c++\fbxexporter\fbxexporter\debug\mt.read.1.tlog
h:\academic\c++\fbxexporter\fbxexporter\debug\mt.write.1.tlog
h:\academic\c++\fbxexporter\fbxexporter\debug\rc.command.1.tlog
h:\academic\c++\fbxexporter\fbxexporter\debug\rc.read.1.tlog
h:\academic\c++\fbxexporter\fbxexporter\debug\rc.write.1.tlog
h:\academic\c++\fbxexporter\fbxexporter\debug\fbxexporter.exe.intermediate.manifest
h:\academic\c++\fbxexporter\fbxexporter\debug\vc100.idb
h:\academic\c++\fbxexporter\fbxexporter\debug\fbxexporter_manifest.rc
h:\academic\c++\fbxexporter\debug\fbxexporter.pdb
h:\academic\c++\fbxexporter\debug\fbxexporter.exe
